0 info it worked if it ends with ok
1 verbose cli [ '/usr/bin/node',
1 verbose cli   '/usr/bin/npm',
1 verbose cli   'install',
1 verbose cli   '-g',
1 verbose cli   '@angular/cli@7.0.0' ]
2 info using npm@3.5.2
3 info using node@v8.10.0
4 silly loadCurrentTree Starting
5 silly install loadCurrentTree
6 silly install readGlobalPackageData
7 silly fetchPackageMetaData @angular/cli@7.0.0
8 silly fetchNamedPackageData @angular/cli
9 silly mapToRegistry name @angular/cli
10 silly mapToRegistry scope (from package name) @angular
11 verbose mapToRegistry no registry URL found in name for scope @angular
12 silly mapToRegistry using default registry
13 silly mapToRegistry registry https://registry.npmjs.org/
14 silly mapToRegistry uri https://registry.npmjs.org/@angular%2fcli
15 verbose request uri https://registry.npmjs.org/@angular%2fcli
16 verbose request no auth needed
17 info attempt registry request try #1 at 6:22:12 p. m.
18 verbose request id b24dd1c1b8e6e9b7
19 verbose etag W/"58483d3912e0aafdbd73ac70355f57e1"
20 verbose lastModified Thu, 17 Sep 2020 04:07:40 GMT
21 http request GET https://registry.npmjs.org/@angular%2fcli
22 http 304 https://registry.npmjs.org/@angular%2fcli
23 verbose headers { date: 'Sun, 20 Sep 2020 23:22:12 GMT',
23 verbose headers   connection: 'keep-alive',
23 verbose headers   'set-cookie':
23 verbose headers    [ '__cfduid=d62012cdee978a2471b8511224a260e231600644132; expires=Tue, 20-Oct-20 23:22:12 GMT; path=/; domain=.npmjs.org; HttpOnly; SameSite=Lax' ],
23 verbose headers   'cf-ray': '5d5f4983787df893-MDE',
23 verbose headers   age: '1411',
23 verbose headers   'cache-control': 'public, max-age=300',
23 verbose headers   etag: '"58483d3912e0aafdbd73ac70355f57e1"',
23 verbose headers   'last-modified': 'Thu, 17 Sep 2020 04:07:40 GMT',
23 verbose headers   vary: 'Accept-Encoding',
23 verbose headers   'cf-cache-status': 'HIT',
23 verbose headers   'cf-request-id': '054f6c462a0000f8936c0ab200000001',
23 verbose headers   'expect-ct': 'max-age=604800, report-uri="https://report-uri.cloudflare.com/cdn-cgi/beacon/expect-ct"',
23 verbose headers   server: 'cloudflare' }
24 silly get cb [ 304,
24 silly get   { date: 'Sun, 20 Sep 2020 23:22:12 GMT',
24 silly get     connection: 'keep-alive',
24 silly get     'set-cookie':
24 silly get      [ '__cfduid=d62012cdee978a2471b8511224a260e231600644132; expires=Tue, 20-Oct-20 23:22:12 GMT; path=/; domain=.npmjs.org; HttpOnly; SameSite=Lax' ],
24 silly get     'cf-ray': '5d5f4983787df893-MDE',
24 silly get     age: '1411',
24 silly get     'cache-control': 'public, max-age=300',
24 silly get     etag: '"58483d3912e0aafdbd73ac70355f57e1"',
24 silly get     'last-modified': 'Thu, 17 Sep 2020 04:07:40 GMT',
24 silly get     vary: 'Accept-Encoding',
24 silly get     'cf-cache-status': 'HIT',
24 silly get     'cf-request-id': '054f6c462a0000f8936c0ab200000001',
24 silly get     'expect-ct': 'max-age=604800, report-uri="https://report-uri.cloudflare.com/cdn-cgi/beacon/expect-ct"',
24 silly get     server: 'cloudflare' } ]
25 verbose etag https://registry.npmjs.org/@angular%2fcli from cache
26 verbose get saving @angular/cli to /home/diego/.npm/registry.npmjs.org/_40angular_252fcli/.cache.json
27 silly fetchPackageMetaData Error: No compatible version found: @angular/cli@7.0.0
27 silly fetchPackageMetaData Valid install targets:
27 silly fetchPackageMetaData 11.0.0-next.2, 11.0.0-next.1, 11.0.0-next.0, 10.1.2, 10.1.1, 10.1.0, 10.1.0-rc.0, 10.1.0-next.7, 10.1.0-next.6, 10.1.0-next.5, 10.1.0-next.4, 10.1.0-next.3, 10.1.0-next.2, 10.1.0-next.1, 10.1.0-next.0, 10.0.8, 10.0.7, 10.0.6, 10.0.5, 10.0.4, 10.0.3, 10.0.2, 10.0.1, 10.0.0, 10.0.0-rc.5, 10.0.0-rc.4, 10.0.0-rc.3, 10.0.0-rc.2, 10.0.0-rc.1, 10.0.0-rc.0, 10.0.0-next.6, 10.0.0-next.5, 10.0.0-next.4, 10.0.0-next.3, 10.0.0-next.2, 10.0.0-next.1, 10.0.0-next.0, 9.1.12, 9.1.11, 9.1.10, 9.1.9, 9.1.8, 9.1.7, 9.1.6, 9.1.5, 9.1.4, 9.1.3, 9.1.2, 9.1.1, 9.1.0, 9.1.0-rc.0, 9.1.0-next.4, 9.1.0-next.3, 9.1.0-next.2, 9.1.0-next.1, 9.1.0-next.0, 9.0.7, 9.0.6, 9.0.5, 9.0.4, 9.0.3, 9.0.2, 9.0.1, 9.0.0, 9.0.0-rc.14, 9.0.0-rc.13, 9.0.0-rc.12, 9.0.0-rc.11, 9.0.0-rc.10, 9.0.0-rc.9, 9.0.0-rc.8, 9.0.0-rc.7, 9.0.0-rc.6, 9.0.0-rc.5, 9.0.0-rc.4, 9.0.0-rc.3, 9.0.0-rc.2, 9.0.0-rc.1, 9.0.0-rc.0, 9.0.0-next.19, 9.0.0-next.18, 9.0.0-next.17, 9.0.0-next.16, 9.0.0-next.15, 9.0.0-next.14, 9.0.0-next.13, 9.0.0-next.12, 9.0.0-next.11, 9.0.0-next.10, 9.0.0-next.9, 9.0.0-next.8, 9.0.0-next.7, 9.0.0-next.6, 9.0.0-next.5, 9.0.0-next.4, 9.0.0-next.3, 9.0.0-next.2, 9.0.0-next.1, 9.0.0-next.0, 8.3.29, 8.3.28, 8.3.27, 8.3.26, 8.3.25, 8.3.24, 8.3.23, 8.3.22, 8.3.21, 8.3.20, 8.3.19, 8.3.18, 8.3.17, 8.3.16, 8.3.15, 8.3.14, 8.3.13, 8.3.12, 8.3.10, 8.3.9, 8.3.8, 8.3.7, 8.3.6, 8.3.5, 8.3.4, 8.3.3, 8.3.2, 8.3.1, 8.3.0, 8.3.0-rc.0, 8.3.0-next.2, 8.3.0-next.1, 8.3.0-next.0, 8.2.2, 8.2.1, 8.2.0, 8.2.0-rc.0, 8.2.0-next.1, 8.2.0-next.0, 8.1.3, 8.1.2, 8.1.1, 8.1.0, 8.1.0-rc.0, 8.1.0-beta.3, 8.1.0-beta.2, 8.1.0-beta.1, 8.1.0-beta.0, 8.0.6, 8.0.5, 8.0.4, 8.0.3, 8.0.2, 8.0.1, 8.0.0, 8.0.0-rc.4, 8.0.0-rc.3, 8.0.0-rc.2, 8.0.0-rc.1, 8.0.0-rc.0, 8.0.0-beta.18, 8.0.0-beta.17, 8.0.0-beta.16, 8.0.0-beta.15, 8.0.0-beta.14, 8.0.0-beta.13, 8.0.0-beta.12, 8.0.0-beta.11, 8.0.0-beta.10, 8.0.0-beta.9, 8.0.0-beta.8, 8.0.0-beta.7, 8.0.0-beta.6, 8.0.0-beta.5, 8.0.0-beta.4, 8.0.0-beta.2, 8.0.0-beta.1, 8.0.0-beta.0, 7.3.10, 7.3.9, 7.3.8, 7.3.7, 7.3.6, 7.3.5, 7.3.4, 7.3.3, 7.3.2, 7.3.1, 7.3.0, 7.3.0-rc.0, 7.3.0-beta.0, 7.2.4, 7.2.3, 7.2.2, 7.2.1, 7.2.0, 7.2.0-rc.0, 7.2.0-beta.2, 7.2.0-beta.1, 7.2.0-beta.0, 7.1.4, 7.1.3, 7.1.2, 7.1.1, 7.1.0, 7.1.0-rc.0, 7.1.0-beta.1, 7.1.0-beta.0, 7.0.7, 7.0.6, 7.0.5, 7.0.4, 7.0.3, 7.0.2, 7.0.1, 7.0.0-rc.3, 7.0.0-rc.2, 7.0.0-rc.1, 7.0.0-rc.0, 7.0.0-beta.4, 7.0.0-beta.3, 7.0.0-beta.2, 7.0.0-beta.1, 7.0.0-beta.0, 6.2.9, 6.2.8, 6.2.7, 6.2.6, 6.2.5, 6.2.4, 6.2.3, 6.2.2, 6.2.1, 6.2.0, 6.2.0-rc.1, 6.2.0-rc.0, 6.2.0-beta.3, 6.2.0-beta.2, 6.2.0-beta.1, 6.2.0-beta.0, 6.1.5, 6.1.4, 6.1.3, 6.1.2, 6.1.1, 6.1.0, 6.1.0-rc.3, 6.1.0-rc.2, 6.1.0-rc.1, 6.1.0-rc.0, 6.1.0-beta.2, 6.1.0-beta.0, 6.0.8, 6.0.7, 6.0.5, 6.0.4, 6.0.3, 6.0.2, 6.0.1, 6.0.0, 6.0.0-rc.10, 6.0.0-rc.9, 6.0.0-rc.8, 6.0.0-rc.7, 6.0.0-rc.6, 6.0.0-rc.5, 6.0.0-rc.4, 6.0.0-rc.3, 6.0.0-rc.2, 6.0.0-rc.1, 6.0.0-rc.0, 6.0.0-beta.9, 6.0.0-beta.8, 6.0.0-beta.7, 6.0.0-beta.6, 6.0.0-beta.5, 6.0.0-beta.4, 6.0.0-beta.3, 6.0.0-beta.2, 1.7.4, 1.7.3, 1.7.2, 1.7.1, 1.7.0, 1.7.0-rc.0, 1.7.0-beta.3, 1.7.0-beta.2, 1.7.0-beta.1, 1.7.0-beta.0, 1.6.8, 1.6.7, 1.6.6, 1.6.5, 1.6.4, 1.6.3, 1.6.2, 1.6.1, 1.6.0, 1.6.0-rc.2, 1.6.0-rc.1, 1.6.0-rc.0, 1.6.0-beta.2, 1.6.0-beta.1, 1.6.0-beta.0, 1.5.6, 1.5.5, 1.5.4, 1.5.3, 1.5.2, 1.5.1, 1.5.0, 1.5.0-rc.8, 1.5.0-rc.7, 1.5.0-rc.6, 1.5.0-rc.5, 1.5.0-rc.4, 1.5.0-rc.3, 1.5.0-rc.2, 1.5.0-rc.1, 1.5.0-rc.0, 1.5.0-beta.4, 1.5.0-beta.3, 1.5.0-beta.2, 1.5.0-beta.1, 1.5.0-beta.0, 1.4.10, 1.4.9, 1.4.8, 1.4.7, 1.4.6, 1.4.5, 1.4.4, 1.4.3, 1.4.2, 1.4.1, 1.4.0, 1.4.0-rc.2, 1.4.0-rc.1, 1.4.0-rc.0, 1.4.0-beta.2, 1.4.0-beta.1, 1.4.0-beta.0, 1.3.2, 1.3.1, 1.3.0, 1.3.0-rc.5, 1.3.0-rc.4, 1.3.0-rc.3, 1.3.0-rc.2, 1.3.0-rc.1, 1.3.0-rc.0, 1.3.0-beta.1, 1.3.0-beta.0, 1.2.8, 1.2.7, 1.2.6, 1.2.5, 1.2.4, 1.2.3, 1.2.2, 1.2.1, 1.2.0, 1.2.0-rc.1, 1.2.0-rc.0, 1.2.0-beta.1, 1.2.0-beta.0, 1.1.3, 1.1.2, 1.1.1, 1.1.0, 1.1.0-rc.2, 1.1.0-rc.1, 1.1.0-rc.0, 1.1.0-beta.1, 1.1.0-beta.0, 1.0.6, 1.0.5, 1.0.4, 1.0.3, 1.0.2, 1.0.1, 1.0.0, 1.0.0-rc.4, 1.0.0-rc.3, 1.0.0-rc.2, 1.0.0-rc.1, 1.0.0-rc.0, 1.0.0-beta.33.1, 1.0.0-beta.33, 1.0.0-beta.32.3, 1.0.0-beta.32.2, 1.0.0-beta.32, 1.0.0-beta.31, 1.0.0-beta.30, 1.0.0-beta.29, 1.0.0-beta.28.3
27 silly fetchPackageMetaData
27 silly fetchPackageMetaData     at pickVersionFromRegistryDocument (/usr/share/npm/lib/fetch-package-metadata.js:156:16)
27 silly fetchPackageMetaData     at /usr/share/npm/node_modules/iferr/index.js:13:50
27 silly fetchPackageMetaData     at /usr/share/npm/lib/utils/pulse-till-done.js:19:8
27 silly fetchPackageMetaData     at saved (/usr/share/npm/lib/cache/caching-client.js:168:7)
27 silly fetchPackageMetaData     at /usr/share/npm/node_modules/graceful-fs/polyfills.js:210:7
27 silly fetchPackageMetaData     at FSReqWrap.oncomplete (fs.js:135:15)
27 silly fetchPackageMetaData  error for @angular/cli@7.0.0 Error: No compatible version found: @angular/cli@7.0.0
27 silly fetchPackageMetaData Valid install targets:
27 silly fetchPackageMetaData 11.0.0-next.2, 11.0.0-next.1, 11.0.0-next.0, 10.1.2, 10.1.1, 10.1.0, 10.1.0-rc.0, 10.1.0-next.7, 10.1.0-next.6, 10.1.0-next.5, 10.1.0-next.4, 10.1.0-next.3, 10.1.0-next.2, 10.1.0-next.1, 10.1.0-next.0, 10.0.8, 10.0.7, 10.0.6, 10.0.5, 10.0.4, 10.0.3, 10.0.2, 10.0.1, 10.0.0, 10.0.0-rc.5, 10.0.0-rc.4, 10.0.0-rc.3, 10.0.0-rc.2, 10.0.0-rc.1, 10.0.0-rc.0, 10.0.0-next.6, 10.0.0-next.5, 10.0.0-next.4, 10.0.0-next.3, 10.0.0-next.2, 10.0.0-next.1, 10.0.0-next.0, 9.1.12, 9.1.11, 9.1.10, 9.1.9, 9.1.8, 9.1.7, 9.1.6, 9.1.5, 9.1.4, 9.1.3, 9.1.2, 9.1.1, 9.1.0, 9.1.0-rc.0, 9.1.0-next.4, 9.1.0-next.3, 9.1.0-next.2, 9.1.0-next.1, 9.1.0-next.0, 9.0.7, 9.0.6, 9.0.5, 9.0.4, 9.0.3, 9.0.2, 9.0.1, 9.0.0, 9.0.0-rc.14, 9.0.0-rc.13, 9.0.0-rc.12, 9.0.0-rc.11, 9.0.0-rc.10, 9.0.0-rc.9, 9.0.0-rc.8, 9.0.0-rc.7, 9.0.0-rc.6, 9.0.0-rc.5, 9.0.0-rc.4, 9.0.0-rc.3, 9.0.0-rc.2, 9.0.0-rc.1, 9.0.0-rc.0, 9.0.0-next.19, 9.0.0-next.18, 9.0.0-next.17, 9.0.0-next.16, 9.0.0-next.15, 9.0.0-next.14, 9.0.0-next.13, 9.0.0-next.12, 9.0.0-next.11, 9.0.0-next.10, 9.0.0-next.9, 9.0.0-next.8, 9.0.0-next.7, 9.0.0-next.6, 9.0.0-next.5, 9.0.0-next.4, 9.0.0-next.3, 9.0.0-next.2, 9.0.0-next.1, 9.0.0-next.0, 8.3.29, 8.3.28, 8.3.27, 8.3.26, 8.3.25, 8.3.24, 8.3.23, 8.3.22, 8.3.21, 8.3.20, 8.3.19, 8.3.18, 8.3.17, 8.3.16, 8.3.15, 8.3.14, 8.3.13, 8.3.12, 8.3.10, 8.3.9, 8.3.8, 8.3.7, 8.3.6, 8.3.5, 8.3.4, 8.3.3, 8.3.2, 8.3.1, 8.3.0, 8.3.0-rc.0, 8.3.0-next.2, 8.3.0-next.1, 8.3.0-next.0, 8.2.2, 8.2.1, 8.2.0, 8.2.0-rc.0, 8.2.0-next.1, 8.2.0-next.0, 8.1.3, 8.1.2, 8.1.1, 8.1.0, 8.1.0-rc.0, 8.1.0-beta.3, 8.1.0-beta.2, 8.1.0-beta.1, 8.1.0-beta.0, 8.0.6, 8.0.5, 8.0.4, 8.0.3, 8.0.2, 8.0.1, 8.0.0, 8.0.0-rc.4, 8.0.0-rc.3, 8.0.0-rc.2, 8.0.0-rc.1, 8.0.0-rc.0, 8.0.0-beta.18, 8.0.0-beta.17, 8.0.0-beta.16, 8.0.0-beta.15, 8.0.0-beta.14, 8.0.0-beta.13, 8.0.0-beta.12, 8.0.0-beta.11, 8.0.0-beta.10, 8.0.0-beta.9, 8.0.0-beta.8, 8.0.0-beta.7, 8.0.0-beta.6, 8.0.0-beta.5, 8.0.0-beta.4, 8.0.0-beta.2, 8.0.0-beta.1, 8.0.0-beta.0, 7.3.10, 7.3.9, 7.3.8, 7.3.7, 7.3.6, 7.3.5, 7.3.4, 7.3.3, 7.3.2, 7.3.1, 7.3.0, 7.3.0-rc.0, 7.3.0-beta.0, 7.2.4, 7.2.3, 7.2.2, 7.2.1, 7.2.0, 7.2.0-rc.0, 7.2.0-beta.2, 7.2.0-beta.1, 7.2.0-beta.0, 7.1.4, 7.1.3, 7.1.2, 7.1.1, 7.1.0, 7.1.0-rc.0, 7.1.0-beta.1, 7.1.0-beta.0, 7.0.7, 7.0.6, 7.0.5, 7.0.4, 7.0.3, 7.0.2, 7.0.1, 7.0.0-rc.3, 7.0.0-rc.2, 7.0.0-rc.1, 7.0.0-rc.0, 7.0.0-beta.4, 7.0.0-beta.3, 7.0.0-beta.2, 7.0.0-beta.1, 7.0.0-beta.0, 6.2.9, 6.2.8, 6.2.7, 6.2.6, 6.2.5, 6.2.4, 6.2.3, 6.2.2, 6.2.1, 6.2.0, 6.2.0-rc.1, 6.2.0-rc.0, 6.2.0-beta.3, 6.2.0-beta.2, 6.2.0-beta.1, 6.2.0-beta.0, 6.1.5, 6.1.4, 6.1.3, 6.1.2, 6.1.1, 6.1.0, 6.1.0-rc.3, 6.1.0-rc.2, 6.1.0-rc.1, 6.1.0-rc.0, 6.1.0-beta.2, 6.1.0-beta.0, 6.0.8, 6.0.7, 6.0.5, 6.0.4, 6.0.3, 6.0.2, 6.0.1, 6.0.0, 6.0.0-rc.10, 6.0.0-rc.9, 6.0.0-rc.8, 6.0.0-rc.7, 6.0.0-rc.6, 6.0.0-rc.5, 6.0.0-rc.4, 6.0.0-rc.3, 6.0.0-rc.2, 6.0.0-rc.1, 6.0.0-rc.0, 6.0.0-beta.9, 6.0.0-beta.8, 6.0.0-beta.7, 6.0.0-beta.6, 6.0.0-beta.5, 6.0.0-beta.4, 6.0.0-beta.3, 6.0.0-beta.2, 1.7.4, 1.7.3, 1.7.2, 1.7.1, 1.7.0, 1.7.0-rc.0, 1.7.0-beta.3, 1.7.0-beta.2, 1.7.0-beta.1, 1.7.0-beta.0, 1.6.8, 1.6.7, 1.6.6, 1.6.5, 1.6.4, 1.6.3, 1.6.2, 1.6.1, 1.6.0, 1.6.0-rc.2, 1.6.0-rc.1, 1.6.0-rc.0, 1.6.0-beta.2, 1.6.0-beta.1, 1.6.0-beta.0, 1.5.6, 1.5.5, 1.5.4, 1.5.3, 1.5.2, 1.5.1, 1.5.0, 1.5.0-rc.8, 1.5.0-rc.7, 1.5.0-rc.6, 1.5.0-rc.5, 1.5.0-rc.4, 1.5.0-rc.3, 1.5.0-rc.2, 1.5.0-rc.1, 1.5.0-rc.0, 1.5.0-beta.4, 1.5.0-beta.3, 1.5.0-beta.2, 1.5.0-beta.1, 1.5.0-beta.0, 1.4.10, 1.4.9, 1.4.8, 1.4.7, 1.4.6, 1.4.5, 1.4.4, 1.4.3, 1.4.2, 1.4.1, 1.4.0, 1.4.0-rc.2, 1.4.0-rc.1, 1.4.0-rc.0, 1.4.0-beta.2, 1.4.0-beta.1, 1.4.0-beta.0, 1.3.2, 1.3.1, 1.3.0, 1.3.0-rc.5, 1.3.0-rc.4, 1.3.0-rc.3, 1.3.0-rc.2, 1.3.0-rc.1, 1.3.0-rc.0, 1.3.0-beta.1, 1.3.0-beta.0, 1.2.8, 1.2.7, 1.2.6, 1.2.5, 1.2.4, 1.2.3, 1.2.2, 1.2.1, 1.2.0, 1.2.0-rc.1, 1.2.0-rc.0, 1.2.0-beta.1, 1.2.0-beta.0, 1.1.3, 1.1.2, 1.1.1, 1.1.0, 1.1.0-rc.2, 1.1.0-rc.1, 1.1.0-rc.0, 1.1.0-beta.1, 1.1.0-beta.0, 1.0.6, 1.0.5, 1.0.4, 1.0.3, 1.0.2, 1.0.1, 1.0.0, 1.0.0-rc.4, 1.0.0-rc.3, 1.0.0-rc.2, 1.0.0-rc.1, 1.0.0-rc.0, 1.0.0-beta.33.1, 1.0.0-beta.33, 1.0.0-beta.32.3, 1.0.0-beta.32.2, 1.0.0-beta.32, 1.0.0-beta.31, 1.0.0-beta.30, 1.0.0-beta.29, 1.0.0-beta.28.3
27 silly fetchPackageMetaData
27 silly fetchPackageMetaData     at pickVersionFromRegistryDocument (/usr/share/npm/lib/fetch-package-metadata.js:156:16)
27 silly fetchPackageMetaData     at /usr/share/npm/node_modules/iferr/index.js:13:50
27 silly fetchPackageMetaData     at /usr/share/npm/lib/utils/pulse-till-done.js:19:8
27 silly fetchPackageMetaData     at saved (/usr/share/npm/lib/cache/caching-client.js:168:7)
27 silly fetchPackageMetaData     at /usr/share/npm/node_modules/graceful-fs/polyfills.js:210:7
27 silly fetchPackageMetaData     at FSReqWrap.oncomplete (fs.js:135:15)
28 silly rollbackFailedOptional Starting
29 silly rollbackFailedOptional Finishing
30 silly runTopLevelLifecycles Starting
31 silly runTopLevelLifecycles Finishing
32 silly install printInstalled
33 verbose stack Error: No compatible version found: @angular/cli@7.0.0
33 verbose stack Valid install targets:
33 verbose stack 11.0.0-next.2, 11.0.0-next.1, 11.0.0-next.0, 10.1.2, 10.1.1, 10.1.0, 10.1.0-rc.0, 10.1.0-next.7, 10.1.0-next.6, 10.1.0-next.5, 10.1.0-next.4, 10.1.0-next.3, 10.1.0-next.2, 10.1.0-next.1, 10.1.0-next.0, 10.0.8, 10.0.7, 10.0.6, 10.0.5, 10.0.4, 10.0.3, 10.0.2, 10.0.1, 10.0.0, 10.0.0-rc.5, 10.0.0-rc.4, 10.0.0-rc.3, 10.0.0-rc.2, 10.0.0-rc.1, 10.0.0-rc.0, 10.0.0-next.6, 10.0.0-next.5, 10.0.0-next.4, 10.0.0-next.3, 10.0.0-next.2, 10.0.0-next.1, 10.0.0-next.0, 9.1.12, 9.1.11, 9.1.10, 9.1.9, 9.1.8, 9.1.7, 9.1.6, 9.1.5, 9.1.4, 9.1.3, 9.1.2, 9.1.1, 9.1.0, 9.1.0-rc.0, 9.1.0-next.4, 9.1.0-next.3, 9.1.0-next.2, 9.1.0-next.1, 9.1.0-next.0, 9.0.7, 9.0.6, 9.0.5, 9.0.4, 9.0.3, 9.0.2, 9.0.1, 9.0.0, 9.0.0-rc.14, 9.0.0-rc.13, 9.0.0-rc.12, 9.0.0-rc.11, 9.0.0-rc.10, 9.0.0-rc.9, 9.0.0-rc.8, 9.0.0-rc.7, 9.0.0-rc.6, 9.0.0-rc.5, 9.0.0-rc.4, 9.0.0-rc.3, 9.0.0-rc.2, 9.0.0-rc.1, 9.0.0-rc.0, 9.0.0-next.19, 9.0.0-next.18, 9.0.0-next.17, 9.0.0-next.16, 9.0.0-next.15, 9.0.0-next.14, 9.0.0-next.13, 9.0.0-next.12, 9.0.0-next.11, 9.0.0-next.10, 9.0.0-next.9, 9.0.0-next.8, 9.0.0-next.7, 9.0.0-next.6, 9.0.0-next.5, 9.0.0-next.4, 9.0.0-next.3, 9.0.0-next.2, 9.0.0-next.1, 9.0.0-next.0, 8.3.29, 8.3.28, 8.3.27, 8.3.26, 8.3.25, 8.3.24, 8.3.23, 8.3.22, 8.3.21, 8.3.20, 8.3.19, 8.3.18, 8.3.17, 8.3.16, 8.3.15, 8.3.14, 8.3.13, 8.3.12, 8.3.10, 8.3.9, 8.3.8, 8.3.7, 8.3.6, 8.3.5, 8.3.4, 8.3.3, 8.3.2, 8.3.1, 8.3.0, 8.3.0-rc.0, 8.3.0-next.2, 8.3.0-next.1, 8.3.0-next.0, 8.2.2, 8.2.1, 8.2.0, 8.2.0-rc.0, 8.2.0-next.1, 8.2.0-next.0, 8.1.3, 8.1.2, 8.1.1, 8.1.0, 8.1.0-rc.0, 8.1.0-beta.3, 8.1.0-beta.2, 8.1.0-beta.1, 8.1.0-beta.0, 8.0.6, 8.0.5, 8.0.4, 8.0.3, 8.0.2, 8.0.1, 8.0.0, 8.0.0-rc.4, 8.0.0-rc.3, 8.0.0-rc.2, 8.0.0-rc.1, 8.0.0-rc.0, 8.0.0-beta.18, 8.0.0-beta.17, 8.0.0-beta.16, 8.0.0-beta.15, 8.0.0-beta.14, 8.0.0-beta.13, 8.0.0-beta.12, 8.0.0-beta.11, 8.0.0-beta.10, 8.0.0-beta.9, 8.0.0-beta.8, 8.0.0-beta.7, 8.0.0-beta.6, 8.0.0-beta.5, 8.0.0-beta.4, 8.0.0-beta.2, 8.0.0-beta.1, 8.0.0-beta.0, 7.3.10, 7.3.9, 7.3.8, 7.3.7, 7.3.6, 7.3.5, 7.3.4, 7.3.3, 7.3.2, 7.3.1, 7.3.0, 7.3.0-rc.0, 7.3.0-beta.0, 7.2.4, 7.2.3, 7.2.2, 7.2.1, 7.2.0, 7.2.0-rc.0, 7.2.0-beta.2, 7.2.0-beta.1, 7.2.0-beta.0, 7.1.4, 7.1.3, 7.1.2, 7.1.1, 7.1.0, 7.1.0-rc.0, 7.1.0-beta.1, 7.1.0-beta.0, 7.0.7, 7.0.6, 7.0.5, 7.0.4, 7.0.3, 7.0.2, 7.0.1, 7.0.0-rc.3, 7.0.0-rc.2, 7.0.0-rc.1, 7.0.0-rc.0, 7.0.0-beta.4, 7.0.0-beta.3, 7.0.0-beta.2, 7.0.0-beta.1, 7.0.0-beta.0, 6.2.9, 6.2.8, 6.2.7, 6.2.6, 6.2.5, 6.2.4, 6.2.3, 6.2.2, 6.2.1, 6.2.0, 6.2.0-rc.1, 6.2.0-rc.0, 6.2.0-beta.3, 6.2.0-beta.2, 6.2.0-beta.1, 6.2.0-beta.0, 6.1.5, 6.1.4, 6.1.3, 6.1.2, 6.1.1, 6.1.0, 6.1.0-rc.3, 6.1.0-rc.2, 6.1.0-rc.1, 6.1.0-rc.0, 6.1.0-beta.2, 6.1.0-beta.0, 6.0.8, 6.0.7, 6.0.5, 6.0.4, 6.0.3, 6.0.2, 6.0.1, 6.0.0, 6.0.0-rc.10, 6.0.0-rc.9, 6.0.0-rc.8, 6.0.0-rc.7, 6.0.0-rc.6, 6.0.0-rc.5, 6.0.0-rc.4, 6.0.0-rc.3, 6.0.0-rc.2, 6.0.0-rc.1, 6.0.0-rc.0, 6.0.0-beta.9, 6.0.0-beta.8, 6.0.0-beta.7, 6.0.0-beta.6, 6.0.0-beta.5, 6.0.0-beta.4, 6.0.0-beta.3, 6.0.0-beta.2, 1.7.4, 1.7.3, 1.7.2, 1.7.1, 1.7.0, 1.7.0-rc.0, 1.7.0-beta.3, 1.7.0-beta.2, 1.7.0-beta.1, 1.7.0-beta.0, 1.6.8, 1.6.7, 1.6.6, 1.6.5, 1.6.4, 1.6.3, 1.6.2, 1.6.1, 1.6.0, 1.6.0-rc.2, 1.6.0-rc.1, 1.6.0-rc.0, 1.6.0-beta.2, 1.6.0-beta.1, 1.6.0-beta.0, 1.5.6, 1.5.5, 1.5.4, 1.5.3, 1.5.2, 1.5.1, 1.5.0, 1.5.0-rc.8, 1.5.0-rc.7, 1.5.0-rc.6, 1.5.0-rc.5, 1.5.0-rc.4, 1.5.0-rc.3, 1.5.0-rc.2, 1.5.0-rc.1, 1.5.0-rc.0, 1.5.0-beta.4, 1.5.0-beta.3, 1.5.0-beta.2, 1.5.0-beta.1, 1.5.0-beta.0, 1.4.10, 1.4.9, 1.4.8, 1.4.7, 1.4.6, 1.4.5, 1.4.4, 1.4.3, 1.4.2, 1.4.1, 1.4.0, 1.4.0-rc.2, 1.4.0-rc.1, 1.4.0-rc.0, 1.4.0-beta.2, 1.4.0-beta.1, 1.4.0-beta.0, 1.3.2, 1.3.1, 1.3.0, 1.3.0-rc.5, 1.3.0-rc.4, 1.3.0-rc.3, 1.3.0-rc.2, 1.3.0-rc.1, 1.3.0-rc.0, 1.3.0-beta.1, 1.3.0-beta.0, 1.2.8, 1.2.7, 1.2.6, 1.2.5, 1.2.4, 1.2.3, 1.2.2, 1.2.1, 1.2.0, 1.2.0-rc.1, 1.2.0-rc.0, 1.2.0-beta.1, 1.2.0-beta.0, 1.1.3, 1.1.2, 1.1.1, 1.1.0, 1.1.0-rc.2, 1.1.0-rc.1, 1.1.0-rc.0, 1.1.0-beta.1, 1.1.0-beta.0, 1.0.6, 1.0.5, 1.0.4, 1.0.3, 1.0.2, 1.0.1, 1.0.0, 1.0.0-rc.4, 1.0.0-rc.3, 1.0.0-rc.2, 1.0.0-rc.1, 1.0.0-rc.0, 1.0.0-beta.33.1, 1.0.0-beta.33, 1.0.0-beta.32.3, 1.0.0-beta.32.2, 1.0.0-beta.32, 1.0.0-beta.31, 1.0.0-beta.30, 1.0.0-beta.29, 1.0.0-beta.28.3
33 verbose stack
33 verbose stack     at pickVersionFromRegistryDocument (/usr/share/npm/lib/fetch-package-metadata.js:156:16)
33 verbose stack     at /usr/share/npm/node_modules/iferr/index.js:13:50
33 verbose stack     at /usr/share/npm/lib/utils/pulse-till-done.js:19:8
33 verbose stack     at saved (/usr/share/npm/lib/cache/caching-client.js:168:7)
33 verbose stack     at /usr/share/npm/node_modules/graceful-fs/polyfills.js:210:7
33 verbose stack     at FSReqWrap.oncomplete (fs.js:135:15)
34 verbose cwd /home/diego/probdb/pruebaBDB
35 error Linux 5.4.0-47-generic
36 error argv "/usr/bin/node" "/usr/bin/npm" "install" "-g" "@angular/cli@7.0.0"
37 error node v8.10.0
38 error npm  v3.5.2
39 error No compatible version found: @angular/cli@7.0.0
39 error Valid install targets:
39 error 11.0.0-next.2, 11.0.0-next.1, 11.0.0-next.0, 10.1.2, 10.1.1, 10.1.0, 10.1.0-rc.0, 10.1.0-next.7, 10.1.0-next.6, 10.1.0-next.5, 10.1.0-next.4, 10.1.0-next.3, 10.1.0-next.2, 10.1.0-next.1, 10.1.0-next.0, 10.0.8, 10.0.7, 10.0.6, 10.0.5, 10.0.4, 10.0.3, 10.0.2, 10.0.1, 10.0.0, 10.0.0-rc.5, 10.0.0-rc.4, 10.0.0-rc.3, 10.0.0-rc.2, 10.0.0-rc.1, 10.0.0-rc.0, 10.0.0-next.6, 10.0.0-next.5, 10.0.0-next.4, 10.0.0-next.3, 10.0.0-next.2, 10.0.0-next.1, 10.0.0-next.0, 9.1.12, 9.1.11, 9.1.10, 9.1.9, 9.1.8, 9.1.7, 9.1.6, 9.1.5, 9.1.4, 9.1.3, 9.1.2, 9.1.1, 9.1.0, 9.1.0-rc.0, 9.1.0-next.4, 9.1.0-next.3, 9.1.0-next.2, 9.1.0-next.1, 9.1.0-next.0, 9.0.7, 9.0.6, 9.0.5, 9.0.4, 9.0.3, 9.0.2, 9.0.1, 9.0.0, 9.0.0-rc.14, 9.0.0-rc.13, 9.0.0-rc.12, 9.0.0-rc.11, 9.0.0-rc.10, 9.0.0-rc.9, 9.0.0-rc.8, 9.0.0-rc.7, 9.0.0-rc.6, 9.0.0-rc.5, 9.0.0-rc.4, 9.0.0-rc.3, 9.0.0-rc.2, 9.0.0-rc.1, 9.0.0-rc.0, 9.0.0-next.19, 9.0.0-next.18, 9.0.0-next.17, 9.0.0-next.16, 9.0.0-next.15, 9.0.0-next.14, 9.0.0-next.13, 9.0.0-next.12, 9.0.0-next.11, 9.0.0-next.10, 9.0.0-next.9, 9.0.0-next.8, 9.0.0-next.7, 9.0.0-next.6, 9.0.0-next.5, 9.0.0-next.4, 9.0.0-next.3, 9.0.0-next.2, 9.0.0-next.1, 9.0.0-next.0, 8.3.29, 8.3.28, 8.3.27, 8.3.26, 8.3.25, 8.3.24, 8.3.23, 8.3.22, 8.3.21, 8.3.20, 8.3.19, 8.3.18, 8.3.17, 8.3.16, 8.3.15, 8.3.14, 8.3.13, 8.3.12, 8.3.10, 8.3.9, 8.3.8, 8.3.7, 8.3.6, 8.3.5, 8.3.4, 8.3.3, 8.3.2, 8.3.1, 8.3.0, 8.3.0-rc.0, 8.3.0-next.2, 8.3.0-next.1, 8.3.0-next.0, 8.2.2, 8.2.1, 8.2.0, 8.2.0-rc.0, 8.2.0-next.1, 8.2.0-next.0, 8.1.3, 8.1.2, 8.1.1, 8.1.0, 8.1.0-rc.0, 8.1.0-beta.3, 8.1.0-beta.2, 8.1.0-beta.1, 8.1.0-beta.0, 8.0.6, 8.0.5, 8.0.4, 8.0.3, 8.0.2, 8.0.1, 8.0.0, 8.0.0-rc.4, 8.0.0-rc.3, 8.0.0-rc.2, 8.0.0-rc.1, 8.0.0-rc.0, 8.0.0-beta.18, 8.0.0-beta.17, 8.0.0-beta.16, 8.0.0-beta.15, 8.0.0-beta.14, 8.0.0-beta.13, 8.0.0-beta.12, 8.0.0-beta.11, 8.0.0-beta.10, 8.0.0-beta.9, 8.0.0-beta.8, 8.0.0-beta.7, 8.0.0-beta.6, 8.0.0-beta.5, 8.0.0-beta.4, 8.0.0-beta.2, 8.0.0-beta.1, 8.0.0-beta.0, 7.3.10, 7.3.9, 7.3.8, 7.3.7, 7.3.6, 7.3.5, 7.3.4, 7.3.3, 7.3.2, 7.3.1, 7.3.0, 7.3.0-rc.0, 7.3.0-beta.0, 7.2.4, 7.2.3, 7.2.2, 7.2.1, 7.2.0, 7.2.0-rc.0, 7.2.0-beta.2, 7.2.0-beta.1, 7.2.0-beta.0, 7.1.4, 7.1.3, 7.1.2, 7.1.1, 7.1.0, 7.1.0-rc.0, 7.1.0-beta.1, 7.1.0-beta.0, 7.0.7, 7.0.6, 7.0.5, 7.0.4, 7.0.3, 7.0.2, 7.0.1, 7.0.0-rc.3, 7.0.0-rc.2, 7.0.0-rc.1, 7.0.0-rc.0, 7.0.0-beta.4, 7.0.0-beta.3, 7.0.0-beta.2, 7.0.0-beta.1, 7.0.0-beta.0, 6.2.9, 6.2.8, 6.2.7, 6.2.6, 6.2.5, 6.2.4, 6.2.3, 6.2.2, 6.2.1, 6.2.0, 6.2.0-rc.1, 6.2.0-rc.0, 6.2.0-beta.3, 6.2.0-beta.2, 6.2.0-beta.1, 6.2.0-beta.0, 6.1.5, 6.1.4, 6.1.3, 6.1.2, 6.1.1, 6.1.0, 6.1.0-rc.3, 6.1.0-rc.2, 6.1.0-rc.1, 6.1.0-rc.0, 6.1.0-beta.2, 6.1.0-beta.0, 6.0.8, 6.0.7, 6.0.5, 6.0.4, 6.0.3, 6.0.2, 6.0.1, 6.0.0, 6.0.0-rc.10, 6.0.0-rc.9, 6.0.0-rc.8, 6.0.0-rc.7, 6.0.0-rc.6, 6.0.0-rc.5, 6.0.0-rc.4, 6.0.0-rc.3, 6.0.0-rc.2, 6.0.0-rc.1, 6.0.0-rc.0, 6.0.0-beta.9, 6.0.0-beta.8, 6.0.0-beta.7, 6.0.0-beta.6, 6.0.0-beta.5, 6.0.0-beta.4, 6.0.0-beta.3, 6.0.0-beta.2, 1.7.4, 1.7.3, 1.7.2, 1.7.1, 1.7.0, 1.7.0-rc.0, 1.7.0-beta.3, 1.7.0-beta.2, 1.7.0-beta.1, 1.7.0-beta.0, 1.6.8, 1.6.7, 1.6.6, 1.6.5, 1.6.4, 1.6.3, 1.6.2, 1.6.1, 1.6.0, 1.6.0-rc.2, 1.6.0-rc.1, 1.6.0-rc.0, 1.6.0-beta.2, 1.6.0-beta.1, 1.6.0-beta.0, 1.5.6, 1.5.5, 1.5.4, 1.5.3, 1.5.2, 1.5.1, 1.5.0, 1.5.0-rc.8, 1.5.0-rc.7, 1.5.0-rc.6, 1.5.0-rc.5, 1.5.0-rc.4, 1.5.0-rc.3, 1.5.0-rc.2, 1.5.0-rc.1, 1.5.0-rc.0, 1.5.0-beta.4, 1.5.0-beta.3, 1.5.0-beta.2, 1.5.0-beta.1, 1.5.0-beta.0, 1.4.10, 1.4.9, 1.4.8, 1.4.7, 1.4.6, 1.4.5, 1.4.4, 1.4.3, 1.4.2, 1.4.1, 1.4.0, 1.4.0-rc.2, 1.4.0-rc.1, 1.4.0-rc.0, 1.4.0-beta.2, 1.4.0-beta.1, 1.4.0-beta.0, 1.3.2, 1.3.1, 1.3.0, 1.3.0-rc.5, 1.3.0-rc.4, 1.3.0-rc.3, 1.3.0-rc.2, 1.3.0-rc.1, 1.3.0-rc.0, 1.3.0-beta.1, 1.3.0-beta.0, 1.2.8, 1.2.7, 1.2.6, 1.2.5, 1.2.4, 1.2.3, 1.2.2, 1.2.1, 1.2.0, 1.2.0-rc.1, 1.2.0-rc.0, 1.2.0-beta.1, 1.2.0-beta.0, 1.1.3, 1.1.2, 1.1.1, 1.1.0, 1.1.0-rc.2, 1.1.0-rc.1, 1.1.0-rc.0, 1.1.0-beta.1, 1.1.0-beta.0, 1.0.6, 1.0.5, 1.0.4, 1.0.3, 1.0.2, 1.0.1, 1.0.0, 1.0.0-rc.4, 1.0.0-rc.3, 1.0.0-rc.2, 1.0.0-rc.1, 1.0.0-rc.0, 1.0.0-beta.33.1, 1.0.0-beta.33, 1.0.0-beta.32.3, 1.0.0-beta.32.2, 1.0.0-beta.32, 1.0.0-beta.31, 1.0.0-beta.30, 1.0.0-beta.29, 1.0.0-beta.28.3
40 error If you need help, you may report this error at:
40 error     <https://github.com/npm/npm/issues>
41 verbose exit [ 1, true ]
